Determining if the pthread_create exist failed with the following output:
Change Dir: /home/karan/callisto_ws/build/catkin_tools_prebuild/CMakeFiles/CMakeTmp

Run Build Command:/usr/bin/make "cmTryCompileExec2922988408/fast"
/usr/bin/make -f CMakeFiles/cmTryCompileExec2922988408.dir/build.make CMakeFiles/cmTryCompileExec2922988408.dir/build
make[1]: Entering directory `/home/karan/callisto_ws/build/catkin_tools_prebuild/CMakeFiles/CMakeTmp'
/usr/bin/cmake -E cmake_progress_report /home/karan/callisto_ws/build/catkin_tools_prebuild/CMakeFiles/CMakeTmp/CMakeFiles 1
Building C object CMakeFiles/cmTryCompileExec2922988408.dir/CheckSymbolExists.c.o
/usr/bin/cc    -o CMakeFiles/cmTryCompileExec2922988408.dir/CheckSymbolExists.c.o   -c /home/karan/callisto_ws/build/catkin_tools_prebuild/CMakeFiles/CMakeTmp/CheckSymbolExists.c
Linking C executable cmTryCompileExec2922988408
/usr/bin/cmake -E cmake_link_script CMakeFiles/cmTryCompileExec2922988408.dir/link.txt --verbose=1
/usr/bin/cc       CMakeFiles/cmTryCompileExec2922988408.dir/CheckSymbolExists.c.o  -o cmTryCompileExec2922988408 -rdynamic 
CMakeFiles/cmTryCompileExec2922988408.dir/CheckSymbolExists.c.o: In function `main':
CheckSymbolExists.c:(.text+0x16): undefined reference to `pthread_create'
collect2: error: ld returned 1 exit status
make[1]: *** [cmTryCompileExec2922988408] Error 1
make[1]: Leaving directory `/home/karan/callisto_ws/build/catkin_tools_prebuild/CMakeFiles/CMakeTmp'
make: *** [cmTryCompileExec2922988408/fast] Error 2

File /home/karan/callisto_ws/build/catkin_tools_prebuild/CMakeFiles/CMakeTmp/CheckSymbolExists.c:
/* */
#include <pthread.h>

int main(int argc, char** argv)
{
  (void)argv;
#ifndef pthread_create
  return ((int*)(&pthread_create))[argc];
#else
  (void)argc;
  return 0;
#endif
}

Determining if the function pthread_create exists in the pthreads failed with the following output:
Change Dir: /home/karan/callisto_ws/build/catkin_tools_prebuild/CMakeFiles/CMakeTmp

Run Build Command:/usr/bin/make "cmTryCompileExec4000652304/fast"
/usr/bin/make -f CMakeFiles/cmTryCompileExec4000652304.dir/build.make CMakeFiles/cmTryCompileExec4000652304.dir/build
make[1]: Entering directory `/home/karan/callisto_ws/build/catkin_tools_prebuild/CMakeFiles/CMakeTmp'
/usr/bin/cmake -E cmake_progress_report /home/karan/callisto_ws/build/catkin_tools_prebuild/CMakeFiles/CMakeTmp/CMakeFiles 1
Building C object CMakeFiles/cmTryCompileExec4000652304.dir/CheckFunctionExists.c.o
/usr/bin/cc   -DCHECK_FUNCTION_EXISTS=pthread_create   -o CMakeFiles/cmTryCompileExec4000652304.dir/CheckFunctionExists.c.o   -c /usr/share/cmake-2.8/Modules/CheckFunctionExists.c
Linking C executable cmTryCompileExec4000652304
/usr/bin/cmake -E cmake_link_script CMakeFiles/cmTryCompileExec4000652304.dir/link.txt --verbose=1
/usr/bin/cc   -DCHECK_FUNCTION_EXISTS=pthread_create    CMakeFiles/cmTryCompileExec4000652304.dir/CheckFunctionExists.c.o  -o cmTryCompileExec4000652304 -rdynamic -lpthreads 
/usr/bin/ld: cannot find -lpthreads
collect2: error: ld returned 1 exit status
make[1]: *** [cmTryCompileExec4000652304] Error 1
make[1]: Leaving directory `/home/karan/callisto_ws/build/catkin_tools_prebuild/CMakeFiles/CMakeTmp'
make: *** [cmTryCompileExec4000652304/fast] Error 2


