Determining if the pthread_create exist failed with the following output:
Change Dir: /home/karan/callisto_ws/build/callisto_gazebo/CMakeFiles/CMakeTmp

Run Build Command:/usr/bin/make "cmTryCompileExec1897293653/fast"
/usr/bin/make -f CMakeFiles/cmTryCompileExec1897293653.dir/build.make CMakeFiles/cmTryCompileExec1897293653.dir/build
make[1]: Entering directory `/home/karan/callisto_ws/build/callisto_gazebo/CMakeFiles/CMakeTmp'
/usr/bin/cmake -E cmake_progress_report /home/karan/callisto_ws/build/callisto_gazebo/CMakeFiles/CMakeTmp/CMakeFiles 1
Building C object CMakeFiles/cmTryCompileExec1897293653.dir/CheckSymbolExists.c.o
/usr/bin/cc    -o CMakeFiles/cmTryCompileExec1897293653.dir/CheckSymbolExists.c.o   -c /home/karan/callisto_ws/build/callisto_gazebo/CMakeFiles/CMakeTmp/CheckSymbolExists.c
Linking C executable cmTryCompileExec1897293653
/usr/bin/cmake -E cmake_link_script CMakeFiles/cmTryCompileExec1897293653.dir/link.txt --verbose=1
/usr/bin/cc       CMakeFiles/cmTryCompileExec1897293653.dir/CheckSymbolExists.c.o  -o cmTryCompileExec1897293653 -rdynamic 
CMakeFiles/cmTryCompileExec1897293653.dir/CheckSymbolExists.c.o: In function `main':
CheckSymbolExists.c:(.text+0x16): undefined reference to `pthread_create'
collect2: error: ld returned 1 exit status
make[1]: *** [cmTryCompileExec1897293653] Error 1
make[1]: Leaving directory `/home/karan/callisto_ws/build/callisto_gazebo/CMakeFiles/CMakeTmp'
make: *** [cmTryCompileExec1897293653/fast] Error 2

File /home/karan/callisto_ws/build/callisto_gazebo/CMakeFiles/CMakeTmp/CheckSymbolExists.c:
/* */
#include <pthread.h>

int main(int argc, char** argv)
{
  (void)argv;
#ifndef pthread_create
  return ((int*)(&pthread_create))[argc];
#else
  (void)argc;
  return 0;
#endif
}

Determining if the function pthread_create exists in the pthreads failed with the following output:
Change Dir: /home/karan/callisto_ws/build/callisto_gazebo/CMakeFiles/CMakeTmp

Run Build Command:/usr/bin/make "cmTryCompileExec3133975956/fast"
/usr/bin/make -f CMakeFiles/cmTryCompileExec3133975956.dir/build.make CMakeFiles/cmTryCompileExec3133975956.dir/build
make[1]: Entering directory `/home/karan/callisto_ws/build/callisto_gazebo/CMakeFiles/CMakeTmp'
/usr/bin/cmake -E cmake_progress_report /home/karan/callisto_ws/build/callisto_gazebo/CMakeFiles/CMakeTmp/CMakeFiles 1
Building C object CMakeFiles/cmTryCompileExec3133975956.dir/CheckFunctionExists.c.o
/usr/bin/cc   -DCHECK_FUNCTION_EXISTS=pthread_create   -o CMakeFiles/cmTryCompileExec3133975956.dir/CheckFunctionExists.c.o   -c /usr/share/cmake-2.8/Modules/CheckFunctionExists.c
Linking C executable cmTryCompileExec3133975956
/usr/bin/cmake -E cmake_link_script CMakeFiles/cmTryCompileExec3133975956.dir/link.txt --verbose=1
/usr/bin/cc   -DCHECK_FUNCTION_EXISTS=pthread_create    CMakeFiles/cmTryCompileExec3133975956.dir/CheckFunctionExists.c.o  -o cmTryCompileExec3133975956 -rdynamic -lpthreads 
/usr/bin/ld: cannot find -lpthreads
collect2: error: ld returned 1 exit status
make[1]: *** [cmTryCompileExec3133975956] Error 1
make[1]: Leaving directory `/home/karan/callisto_ws/build/callisto_gazebo/CMakeFiles/CMakeTmp'
make: *** [cmTryCompileExec3133975956/fast] Error 2


