Determining if the pthread_create exist failed with the following output:
Change Dir: /home/karan/callisto_ws/build/callisto_navigation/CMakeFiles/CMakeTmp

Run Build Command:/usr/bin/make "cmTryCompileExec1608848856/fast"
/usr/bin/make -f CMakeFiles/cmTryCompileExec1608848856.dir/build.make CMakeFiles/cmTryCompileExec1608848856.dir/build
make[1]: Entering directory `/home/karan/callisto_ws/build/callisto_navigation/CMakeFiles/CMakeTmp'
/usr/bin/cmake -E cmake_progress_report /home/karan/callisto_ws/build/callisto_navigation/CMakeFiles/CMakeTmp/CMakeFiles 1
Building C object CMakeFiles/cmTryCompileExec1608848856.dir/CheckSymbolExists.c.o
/usr/bin/cc    -o CMakeFiles/cmTryCompileExec1608848856.dir/CheckSymbolExists.c.o   -c /home/karan/callisto_ws/build/callisto_navigation/CMakeFiles/CMakeTmp/CheckSymbolExists.c
Linking C executable cmTryCompileExec1608848856
/usr/bin/cmake -E cmake_link_script CMakeFiles/cmTryCompileExec1608848856.dir/link.txt --verbose=1
/usr/bin/cc       CMakeFiles/cmTryCompileExec1608848856.dir/CheckSymbolExists.c.o  -o cmTryCompileExec1608848856 -rdynamic 
CMakeFiles/cmTryCompileExec1608848856.dir/CheckSymbolExists.c.o: In function `main':
CheckSymbolExists.c:(.text+0x16): undefined reference to `pthread_create'
collect2: error: ld returned 1 exit status
make[1]: *** [cmTryCompileExec1608848856] Error 1
make[1]: Leaving directory `/home/karan/callisto_ws/build/callisto_navigation/CMakeFiles/CMakeTmp'
make: *** [cmTryCompileExec1608848856/fast] Error 2

File /home/karan/callisto_ws/build/callisto_navigation/CMakeFiles/CMakeTmp/CheckSymbolExists.c:
/* */
#include <pthread.h>

int main(int argc, char** argv)
{
  (void)argv;
#ifndef pthread_create
  return ((int*)(&pthread_create))[argc];
#else
  (void)argc;
  return 0;
#endif
}

Determining if the function pthread_create exists in the pthreads failed with the following output:
Change Dir: /home/karan/callisto_ws/build/callisto_navigation/CMakeFiles/CMakeTmp

Run Build Command:/usr/bin/make "cmTryCompileExec878028166/fast"
/usr/bin/make -f CMakeFiles/cmTryCompileExec878028166.dir/build.make CMakeFiles/cmTryCompileExec878028166.dir/build
make[1]: Entering directory `/home/karan/callisto_ws/build/callisto_navigation/CMakeFiles/CMakeTmp'
/usr/bin/cmake -E cmake_progress_report /home/karan/callisto_ws/build/callisto_navigation/CMakeFiles/CMakeTmp/CMakeFiles 1
Building C object CMakeFiles/cmTryCompileExec878028166.dir/CheckFunctionExists.c.o
/usr/bin/cc   -DCHECK_FUNCTION_EXISTS=pthread_create   -o CMakeFiles/cmTryCompileExec878028166.dir/CheckFunctionExists.c.o   -c /usr/share/cmake-2.8/Modules/CheckFunctionExists.c
Linking C executable cmTryCompileExec878028166
/usr/bin/cmake -E cmake_link_script CMakeFiles/cmTryCompileExec878028166.dir/link.txt --verbose=1
/usr/bin/cc   -DCHECK_FUNCTION_EXISTS=pthread_create    CMakeFiles/cmTryCompileExec878028166.dir/CheckFunctionExists.c.o  -o cmTryCompileExec878028166 -rdynamic -lpthreads 
/usr/bin/ld: cannot find -lpthreads
collect2: error: ld returned 1 exit status
make[1]: *** [cmTryCompileExec878028166] Error 1
make[1]: Leaving directory `/home/karan/callisto_ws/build/callisto_navigation/CMakeFiles/CMakeTmp'
make: *** [cmTryCompileExec878028166/fast] Error 2


